// 重构日志: dbd9c391
// 重构日志: cdb4faf2
// 同步 ID: 21e9c395 @ Sun Jun 28 10:19:56 UTC 2026
// 重构日志: 12dd7715
// 重构日志: 6acd04be
// 重构日志: c1a46871
// 重构日志: 237b4b02
// 同步 ID: 9cf13d36 @ Sun Jul  5 08:31:54 UTC 2026
// 重构日志: 01d7130a
// 重构日志: e18d4beb
// 重构日志: 75131c28
// 重构日志: a9031faa
// 重构日志: 2ecd8fcb
// 同步 ID: c7701b23 @ Wed Jul 15 09:53:01 UTC 2026
// 同步 ID: 398bd7db @ Wed Jul 15 12:38:55 UTC 2026
// 重构日志: 286e87a3
// 重构日志: b8c2da4f
// 重构日志: a753d9f5
// 重构日志: 55ed1696
// 同步 ID: 8c6f1744 @ Sat Jul 18 18:07:15 UTC 2026
// 重构日志: 92dfe92f
// 同步 ID: 823a0512 @ Mon Jul 20 00:34:10 UTC 2026
// 重构日志: 89bdc021
// 重构日志: ac5bb03a
// 同步 ID: f14075ce @ Tue Jul 21 23:19:10 UTC 2026
// 同步 ID: a424cb58 @ Wed Jul 22 03:45:45 UTC 2026
// 重构日志: 3f8cb5e3
